Test project /home/ubuntu/Schreibtisch/dev/mylib/build
Constructing a list of tests
Done constructing a list of tests
Updating test list for fixtures
Added 0 tests to meet fixture requirements
Checking test dependency graph...
Checking test dependency graph end
test 1
    Start 1: factorial_0

1: Test command: /home/ubuntu/Schreibtisch/dev/mylib/build/testapp "factorial_0"
1: Test timeout computed to be: 10000000
1: === Fortuno - flextensible unit testing framework for Fortran ===
1: 
1: # Executing test items
1: .
1: 
1: # Test runs
1: Total:      1
1: Succeeded:  1  (100.0%)
1: 
1: === Succeeded ===
1: STOP 0
1/3 Test #1: factorial_0 ......................   Passed    0.01 sec
test 2
    Start 2: factorial_1

2: Test command: /home/ubuntu/Schreibtisch/dev/mylib/build/testapp "factorial_1"
2: Test timeout computed to be: 10000000
2: === Fortuno - flextensible unit testing framework for Fortran ===
2: 
2: # Executing test items
2: .
2: 
2: # Test runs
2: Total:      1
2: Succeeded:  1  (100.0%)
2: 
2: === Succeeded ===
2: STOP 0
2/3 Test #2: factorial_1 ......................   Passed    0.01 sec
test 3
    Start 3: factorial_2

3: Test command: /home/ubuntu/Schreibtisch/dev/mylib/build/testapp "factorial_2"
3: Test timeout computed to be: 10000000
3: === Fortuno - flextensible unit testing framework for Fortran ===
3: 
3: # Executing test items
3: F
3: 
3: # Logged event(s)
3: 
3: Failed     [run] factorial_2
3: 
3: -> Unsuccessful check
3: Check: 1
3: Msg: Test failed for demonstration purposes
3: Failure: mismatching integer values
3: Value1: 2
3: Value2: 3
3: 
3: 
3: # Test runs
3: Total:      1
3: Succeeded:  0  (  0.0%)
3: Failed:     1  (100.0%)
3: 
3: === FAILED ===
3: STOP 1
3/3 Test #3: factorial_2 ......................***Failed    0.02 sec

67% tests passed, 1 tests failed out of 3

Total Test time (real) =   0.09 sec

The following tests FAILED:
	  3 - factorial_2 (Failed)